<?xml version="1.0" encoding="UTF-8"?>
<testng-results skipped="2" failed="0" ignored="0" total="2" passed="0">
  <reporter-output>
  </reporter-output>
  <suite name="Default suite" duration-ms="109" started-at="2022-11-05T13:39:27 IST" finished-at="2022-11-05T13:39:27 IST">
    <groups>
    </groups>
    <test name="Default test" duration-ms="109" started-at="2022-11-05T13:39:27 IST" finished-at="2022-11-05T13:39:27 IST">
      <class name="testpkg.CreateExcelsheetCodeFormRepeatCode">
        <test-method status="FAIL" signature="launchBrowser(java.lang.String)[pri:0, instance:testpkg.CreateExcelsheetCodeFormRepeatCode@a74868d]" name="launchBrowser" is-config="true" duration-ms="-1667635767188" started-at="2022-11-05T13:39:27 IST" finished-at="1970-01-01T05:30:00 IST">
          <exception class="org.testng.TestNGException">
            <message>
              <![CDATA[
Parameter 'browser' is required by BeforeTest on method launchBrowser but has not been marked @Optional or defined
in C:\Windows\Temp\testng-eclipse--767229447\testng-customsuite.xml]]>
            </message>
            <full-stacktrace>
              <![CDATA[org.testng.TestNGException: 
Parameter 'browser' is required by BeforeTest on method launchBrowser but has not been marked @Optional or defined
in C:\Windows\Temp\testng-eclipse--767229447\testng-customsuite.xml
at org.testng.internal.Parameters.createParams(Parameters.java:270)
at org.testng.internal.Parameters.createParametersForMethod(Parameters.java:358)
at org.testng.internal.Parameters.createParameters(Parameters.java:700)
at org.testng.internal.Parameters.createConfigurationParameters(Parameters.java:168)
at org.testng.internal.ConfigInvoker.invokeConfigurations(ConfigInvoker.java:302)
at org.testng.TestRunner.invokeTestConfigurations(TestRunner.java:637)
at org.testng.TestRunner.beforeRun(TestRunner.java:627)
at org.testng.TestRunner.run(TestRunner.java:589)
at org.testng.SuiteRunner.runTest(SuiteRunner.java:377)
at org.testng.SuiteRunner.runSequentially(SuiteRunner.java:371)
at org.testng.SuiteRunner.privateRun(SuiteRunner.java:332)
at org.testng.SuiteRunner.run(SuiteRunner.java:276)
at org.testng.SuiteRunnerWorker.runSuite(SuiteRunnerWorker.java:53)
at org.testng.SuiteRunnerWorker.run(SuiteRunnerWorker.java:96)
at org.testng.TestNG.runSuitesSequentially(TestNG.java:1212)
at org.testng.TestNG.runSuitesLocally(TestNG.java:1134)
at org.testng.TestNG.runSuites(TestNG.java:1063)
at org.testng.TestNG.run(TestNG.java:1031)
at org.testng.remote.AbstractRemoteTestNG.run(AbstractRemoteTestNG.java:115)
at org.testng.remote.RemoteTestNG.initAndRun(RemoteTestNG.java:251)
at org.testng.remote.RemoteTestNG.main(RemoteTestNG.java:77)
]]>
            </full-stacktrace>
          </exception> <!-- org.testng.TestNGException -->
          <reporter-output>
          </reporter-output>
        </test-method> <!-- launchBrowser -->
        <test-method status="SKIP" signature="CreatePomBojects()[pri:0, instance:testpkg.CreateExcelsheetCodeFormRepeatCode@a74868d]" name="CreatePomBojects" is-config="true" duration-ms="-1667635767235" started-at="2022-11-05T13:39:27 IST" finished-at="1970-01-01T05:30:00 IST">
          <reporter-output>
          </reporter-output>
        </test-method> <!-- CreatePomBojects -->
        <test-method status="SKIP" signature="verifyReturnToMessengerButton()[pri:0, instance:testpkg.CreateExcelsheetCodeFormRepeatCode@a74868d]" name="verifyReturnToMessengerButton" duration-ms="0" started-at="2022-11-05T13:39:27 IST" finished-at="2022-11-05T13:39:27 IST">
          <exception class="org.testng.TestNGException">
            <message>
              <![CDATA[
Parameter 'browser' is required by BeforeTest on method launchBrowser but has not been marked @Optional or defined
in C:\Windows\Temp\testng-eclipse--767229447\testng-customsuite.xml]]>
            </message>
            <full-stacktrace>
              <![CDATA[org.testng.TestNGException: 
Parameter 'browser' is required by BeforeTest on method launchBrowser but has not been marked @Optional or defined
in C:\Windows\Temp\testng-eclipse--767229447\testng-customsuite.xml
at org.testng.internal.Parameters.createParams(Parameters.java:270)
at org.testng.internal.Parameters.createParametersForMethod(Parameters.java:358)
at org.testng.internal.Parameters.createParameters(Parameters.java:700)
at org.testng.internal.Parameters.createConfigurationParameters(Parameters.java:168)
at org.testng.internal.ConfigInvoker.invokeConfigurations(ConfigInvoker.java:302)
at org.testng.TestRunner.invokeTestConfigurations(TestRunner.java:637)
at org.testng.TestRunner.beforeRun(TestRunner.java:627)
at org.testng.TestRunner.run(TestRunner.java:589)
at org.testng.SuiteRunner.runTest(SuiteRunner.java:377)
at org.testng.SuiteRunner.runSequentially(SuiteRunner.java:371)
at org.testng.SuiteRunner.privateRun(SuiteRunner.java:332)
at org.testng.SuiteRunner.run(SuiteRunner.java:276)
at org.testng.SuiteRunnerWorker.runSuite(SuiteRunnerWorker.java:53)
at org.testng.SuiteRunnerWorker.run(SuiteRunnerWorker.java:96)
at org.testng.TestNG.runSuitesSequentially(TestNG.java:1212)
at org.testng.TestNG.runSuitesLocally(TestNG.java:1134)
at org.testng.TestNG.runSuites(TestNG.java:1063)
at org.testng.TestNG.run(TestNG.java:1031)
at org.testng.remote.AbstractRemoteTestNG.run(AbstractRemoteTestNG.java:115)
at org.testng.remote.RemoteTestNG.initAndRun(RemoteTestNG.java:251)
at org.testng.remote.RemoteTestNG.main(RemoteTestNG.java:77)
]]>
            </full-stacktrace>
          </exception> <!-- org.testng.TestNGException -->
          <reporter-output>
          </reporter-output>
        </test-method> <!-- verifyReturnToMessengerButton -->
        <test-method status="SKIP" signature="logoutFromApplication(org.testng.ITestResult)[pri:0, instance:testpkg.CreateExcelsheetCodeFormRepeatCode@a74868d]" name="logoutFromApplication" is-config="true" duration-ms="-1667635767266" started-at="2022-11-05T13:39:27 IST" finished-at="1970-01-01T05:30:00 IST">
          <reporter-output>
          </reporter-output>
        </test-method> <!-- logoutFromApplication -->
        <test-method status="SKIP" signature="openRomPage()[pri:0, instance:testpkg.CreateExcelsheetCodeFormRepeatCode@a74868d]" name="openRomPage" is-config="true" duration-ms="-1667635767266" started-at="2022-11-05T13:39:27 IST" finished-at="1970-01-01T05:30:00 IST">
          <reporter-output>
          </reporter-output>
        </test-method> <!-- openRomPage -->
        <test-method status="SKIP" signature="openRomPage()[pri:0, instance:testpkg.CreateExcelsheetCodeFormRepeatCode@a74868d]" name="openRomPage" is-config="true" duration-ms="-1667635767282" started-at="2022-11-05T13:39:27 IST" finished-at="1970-01-01T05:30:00 IST">
          <reporter-output>
          </reporter-output>
        </test-method> <!-- openRomPage -->
        <test-method status="SKIP" signature="logoutFromApplication(org.testng.ITestResult)[pri:0, instance:testpkg.CreateExcelsheetCodeFormRepeatCode@a74868d]" name="logoutFromApplication" is-config="true" duration-ms="-1667635767282" started-at="2022-11-05T13:39:27 IST" finished-at="1970-01-01T05:30:00 IST">
          <reporter-output>
          </reporter-output>
        </test-method> <!-- logoutFromApplication -->
        <test-method status="SKIP" signature="verifyContactToHelpCenterButton()[pri:1, instance:testpkg.CreateExcelsheetCodeFormRepeatCode@a74868d]" name="verifyContactToHelpCenterButton" duration-ms="0" started-at="2022-11-05T13:39:27 IST" finished-at="2022-11-05T13:39:27 IST">
          <exception class="org.testng.TestNGException">
            <message>
              <![CDATA[
Parameter 'browser' is required by BeforeTest on method launchBrowser but has not been marked @Optional or defined
in C:\Windows\Temp\testng-eclipse--767229447\testng-customsuite.xml]]>
            </message>
            <full-stacktrace>
              <![CDATA[org.testng.TestNGException: 
Parameter 'browser' is required by BeforeTest on method launchBrowser but has not been marked @Optional or defined
in C:\Windows\Temp\testng-eclipse--767229447\testng-customsuite.xml
at org.testng.internal.Parameters.createParams(Parameters.java:270)
at org.testng.internal.Parameters.createParametersForMethod(Parameters.java:358)
at org.testng.internal.Parameters.createParameters(Parameters.java:700)
at org.testng.internal.Parameters.createConfigurationParameters(Parameters.java:168)
at org.testng.internal.ConfigInvoker.invokeConfigurations(ConfigInvoker.java:302)
at org.testng.TestRunner.invokeTestConfigurations(TestRunner.java:637)
at org.testng.TestRunner.beforeRun(TestRunner.java:627)
at org.testng.TestRunner.run(TestRunner.java:589)
at org.testng.SuiteRunner.runTest(SuiteRunner.java:377)
at org.testng.SuiteRunner.runSequentially(SuiteRunner.java:371)
at org.testng.SuiteRunner.privateRun(SuiteRunner.java:332)
at org.testng.SuiteRunner.run(SuiteRunner.java:276)
at org.testng.SuiteRunnerWorker.runSuite(SuiteRunnerWorker.java:53)
at org.testng.SuiteRunnerWorker.run(SuiteRunnerWorker.java:96)
at org.testng.TestNG.runSuitesSequentially(TestNG.java:1212)
at org.testng.TestNG.runSuitesLocally(TestNG.java:1134)
at org.testng.TestNG.runSuites(TestNG.java:1063)
at org.testng.TestNG.run(TestNG.java:1031)
at org.testng.remote.AbstractRemoteTestNG.run(AbstractRemoteTestNG.java:115)
at org.testng.remote.RemoteTestNG.initAndRun(RemoteTestNG.java:251)
at org.testng.remote.RemoteTestNG.main(RemoteTestNG.java:77)
]]>
            </full-stacktrace>
          </exception> <!-- org.testng.TestNGException -->
          <reporter-output>
          </reporter-output>
        </test-method> <!-- verifyContactToHelpCenterButton -->
        <test-method status="SKIP" signature="clearObject()[pri:0, instance:testpkg.CreateExcelsheetCodeFormRepeatCode@a74868d]" name="clearObject" is-config="true" duration-ms="-1667635767297" started-at="2022-11-05T13:39:27 IST" finished-at="1970-01-01T05:30:00 IST">
          <reporter-output>
          </reporter-output>
        </test-method> <!-- clearObject -->
      </class> <!-- testpkg.CreateExcelsheetCodeFormRepeatCode -->
    </test> <!-- Default test -->
  </suite> <!-- Default suite -->
</testng-results>
